[2019-02-16 21:25:47.848] [exthost] [info] extension host started
[2019-02-16 21:25:47.869] [exthost] [info] ExtensionService#_doActivateExtension vscode.debug-auto-launch {"startup":true,"activationEvent":"*"}
[2019-02-16 21:25:47.869] [exthost] [info] ExtensionService#loadCommonJSModule /usr/share/code/resources/app/extensions/debug-auto-launch/dist/extension
[2019-02-16 21:25:47.875] [exthost] [info] ExtensionService#_doActivateExtension vscode.emmet {"startup":true,"activationEvent":"*"}
[2019-02-16 21:25:47.875] [exthost] [info] ExtensionService#loadCommonJSModule /usr/share/code/resources/app/extensions/emmet/dist/extension
[2019-02-16 21:25:47.892] [exthost] [info] ExtensionService#_doActivateExtension vscode.git {"startup":true,"activationEvent":"*"}
[2019-02-16 21:25:47.892] [exthost] [info] ExtensionService#loadCommonJSModule /usr/share/code/resources/app/extensions/git/dist/main
[2019-02-16 21:25:47.991] [exthost] [info] ExtensionService#_doActivateExtension vscode.merge-conflict {"startup":true,"activationEvent":"*"}
[2019-02-16 21:25:47.991] [exthost] [info] ExtensionService#loadCommonJSModule /usr/share/code/resources/app/extensions/merge-conflict/dist/extension
[2019-02-16 21:25:47.998] [exthost] [info] ExtensionService#_doActivateExtension christian-kohler.path-intellisense {"startup":true,"activationEvent":"*"}
[2019-02-16 21:25:47.998] [exthost] [info] ExtensionService#loadCommonJSModule /root/.vscode/extensions/christian-kohler.path-intellisense-1.4.2/out/src/extension
[2019-02-16 21:25:48.012] [exthost] [info] ExtensionService#_doActivateExtension dbaeumer.vscode-eslint {"startup":true,"activationEvent":"*"}
[2019-02-16 21:25:48.012] [exthost] [info] ExtensionService#loadCommonJSModule /root/.vscode/extensions/dbaeumer.vscode-eslint-1.8.0/client/out/extension
[2019-02-16 21:25:48.079] [exthost] [info] ExtensionService#_doActivateExtension ritwickdey.LiveServer {"startup":true,"activationEvent":"*"}
[2019-02-16 21:25:48.079] [exthost] [info] ExtensionService#loadCommonJSModule /root/.vscode/extensions/ritwickdey.liveserver-5.5.1/out/src/extension
[2019-02-16 21:25:48.593] [exthost] [info] eager extensions activated
[2019-02-16 21:26:06.094] [exthost] [info] extension host started
[2019-02-16 21:26:06.109] [exthost] [info] ExtensionService#_doActivateExtension vscode.debug-auto-launch {"startup":true,"activationEvent":"*"}
[2019-02-16 21:26:06.109] [exthost] [info] ExtensionService#loadCommonJSModule /usr/share/code/resources/app/extensions/debug-auto-launch/dist/extension
[2019-02-16 21:26:06.112] [exthost] [info] ExtensionService#_doActivateExtension vscode.emmet {"startup":true,"activationEvent":"*"}
[2019-02-16 21:26:06.112] [exthost] [info] ExtensionService#loadCommonJSModule /usr/share/code/resources/app/extensions/emmet/dist/extension
[2019-02-16 21:26:06.127] [exthost] [info] ExtensionService#_doActivateExtension vscode.git {"startup":true,"activationEvent":"*"}
[2019-02-16 21:26:06.127] [exthost] [info] ExtensionService#loadCommonJSModule /usr/share/code/resources/app/extensions/git/dist/main
[2019-02-16 21:26:06.223] [exthost] [info] ExtensionService#_doActivateExtension vscode.merge-conflict {"startup":true,"activationEvent":"*"}
[2019-02-16 21:26:06.223] [exthost] [info] ExtensionService#loadCommonJSModule /usr/share/code/resources/app/extensions/merge-conflict/dist/extension
[2019-02-16 21:26:06.229] [exthost] [info] ExtensionService#_doActivateExtension christian-kohler.path-intellisense {"startup":true,"activationEvent":"*"}
[2019-02-16 21:26:06.229] [exthost] [info] ExtensionService#loadCommonJSModule /root/.vscode/extensions/christian-kohler.path-intellisense-1.4.2/out/src/extension
[2019-02-16 21:26:06.238] [exthost] [info] ExtensionService#_doActivateExtension dbaeumer.vscode-eslint {"startup":true,"activationEvent":"*"}
[2019-02-16 21:26:06.238] [exthost] [info] ExtensionService#loadCommonJSModule /root/.vscode/extensions/dbaeumer.vscode-eslint-1.8.0/client/out/extension
[2019-02-16 21:26:06.294] [exthost] [info] ExtensionService#_doActivateExtension ritwickdey.LiveServer {"startup":true,"activationEvent":"*"}
[2019-02-16 21:26:06.294] [exthost] [info] ExtensionService#loadCommonJSModule /root/.vscode/extensions/ritwickdey.liveserver-5.5.1/out/src/extension
[2019-02-16 21:26:06.855] [exthost] [info] ExtensionService#_doActivateExtension felixfbecker.php-intellisense {"startup":true,"activationEvent":"workspaceContains:**/*.php"}
[2019-02-16 21:26:06.855] [exthost] [info] ExtensionService#loadCommonJSModule /root/.vscode/extensions/felixfbecker.php-intellisense-2.3.10/out/extension
[2019-02-16 21:26:07.035] [exthost] [info] eager extensions activated
[2019-02-16 21:26:10.264] [exthost] [info] ExtensionService#_doActivateExtension vscode.php-language-features {"startup":false,"activationEvent":"onLanguage:php"}
[2019-02-16 21:26:10.264] [exthost] [info] ExtensionService#loadCommonJSModule /usr/share/code/resources/app/extensions/php-language-features/dist/phpMain
[2019-02-16 21:26:31.021] [exthost] [info] ExtensionService#_doActivateExtension vscode.configuration-editing {"startup":false,"activationEvent":"onLanguage:jsonc"}
[2019-02-16 21:26:31.021] [exthost] [info] ExtensionService#loadCommonJSModule /usr/share/code/resources/app/extensions/configuration-editing/dist/extension
[2019-02-16 21:26:31.033] [exthost] [info] ExtensionService#_doActivateExtension vscode.json-language-features {"startup":false,"activationEvent":"onLanguage:jsonc"}
[2019-02-16 21:26:31.033] [exthost] [info] ExtensionService#loadCommonJSModule /usr/share/code/resources/app/extensions/json-language-features/client/dist/jsonMain
[2019-02-16 21:26:31.096] [exthost] [info] ExtensionService#_doActivateExtension vscode.typescript-language-features {"startup":false,"activationEvent":"onLanguage:jsonc"}
[2019-02-16 21:26:31.096] [exthost] [info] ExtensionService#loadCommonJSModule /usr/share/code/resources/app/extensions/typescript-language-features/dist/extension
